\BOOKMARK [0][-]{chapter.1}{\376\377\165\065\170\301\163\260\214\141\166\204\146\156\220\115\211\304\137\213}{}% 1
\BOOKMARK [1][-]{section.1.1}{\376\377\165\065\203\167\124\214\165\065\127\072}{chapter.1}% 2
\BOOKMARK [2][-]{subsection.1.1.1}{\376\377\136\223\117\046\133\232\137\213}{section.1.1}% 3
\BOOKMARK [2][-]{subsection.1.1.2}{\376\377\232\330\145\257\133\232\164\006\124\214\165\065\127\072\145\143\136\246}{section.1.1}% 4
\BOOKMARK [2][-]{subsection.1.1.3}{\376\377\227\131\165\065\127\072\166\204\145\313\136\246}{section.1.1}% 5
\BOOKMARK [1][-]{section.1.2}{\376\377\165\065\155\101\124\214\170\301\127\072}{chapter.1}% 6
\BOOKMARK [2][-]{subsection.1.2.1}{\376\377\165\065\203\167\133\210\140\122\133\232\137\213}{section.1.2}% 7
\BOOKMARK [2][-]{subsection.1.2.2}{\376\377\153\325\131\145\000-\204\050\117\020\134\024\133\232\137\213}{section.1.2}% 8
\BOOKMARK [2][-]{subsection.1.2.3}{\376\377\170\301\127\072\166\204\163\257\221\317\124\214\145\313\136\246}{section.1.2}% 9
\BOOKMARK [2][-]{subsection.1.2.4}{\376\377\170\301\127\072\166\204\145\143\136\246}{section.1.2}% 10
\BOOKMARK [2][-]{subsection.1.2.5}{\376\377\170\301\127\072\145\313\136\246\124\214\145\143\136\246\121\154\137\017\166\204\213\301\146\016}{section.1.2}% 11
\BOOKMARK [1][-]{section.1.3}{\376\377\236\246\121\113\145\257\227\346\145\271\172\013\176\304}{chapter.1}% 12
\BOOKMARK [2][-]{subsection.1.3.1}{\376\377\165\065\170\301\141\037\136\224\133\232\137\213}{section.1.3}% 13
\BOOKMARK [2][-]{subsection.1.3.2}{\376\377\117\115\171\373\165\065\155\101}{section.1.3}% 14
\BOOKMARK [2][-]{subsection.1.3.3}{\376\377\155\033\117\046\121\171\122\233\121\154\137\017}{section.1.3}% 15
\BOOKMARK [1][-]{section.1.4}{\376\377\116\313\215\050\166\204\165\065\170\301\140\047\215\050}{chapter.1}% 16
\BOOKMARK [2][-]{subsection.1.4.1}{\376\377\116\313\215\050\166\204\147\201\123\026}{section.1.4}% 17
\BOOKMARK [2][-]{subsection.1.4.2}{\376\377\116\313\215\050\166\204\170\301\123\026}{section.1.4}% 18
\BOOKMARK [2][-]{subsection.1.4.3}{\376\377\116\313\215\050\116\055\166\204\000M\000a\000x\000w\000e\000l\000l\145\271\172\013\176\304}{section.1.4}% 19
\BOOKMARK [1][-]{section.1.5}{\376\377\165\065\170\301\127\072\217\271\120\074\121\163\174\373}{chapter.1}% 20
\BOOKMARK [2][-]{subsection.1.5.1}{\376\377\154\325\124\021\122\006\221\317\166\204\121\163\174\373}{section.1.5}% 21
\BOOKMARK [2][-]{subsection.1.5.2}{\376\377\122\007\124\021\122\006\221\317\166\204\121\163\174\373}{section.1.5}% 22
\BOOKMARK [1][-]{section.1.6}{\376\377\165\065\170\301\127\072\166\204\200\375\221\317\124\214\200\375\155\101}{chapter.1}% 23
\BOOKMARK [2][-]{subsection.1.6.1}{\376\377\127\072\116\016\165\065\203\167\174\373\176\337\166\204\200\375\221\317\133\210\140\122\121\163\174\373}{section.1.6}% 24
\BOOKMARK [2][-]{subsection.1.6.2}{\376\377\165\065\170\301\127\072\200\375\221\317\133\306\136\246\124\214\200\375\155\101\133\306\136\246\166\204\210\150\217\276\137\017}{section.1.6}% 25
\BOOKMARK [0][-]{chapter.2}{\376\377\227\131\165\065\127\072}{}% 26
\BOOKMARK [0][-]{chapter.3}{\376\377\227\131\170\301\127\072}{}% 27
\BOOKMARK [0][-]{chapter.4}{\376\377\165\065\170\301\154\342\166\204\117\040\144\255}{}% 28
\BOOKMARK [1][-]{section.4.1}{\376\377\136\163\227\142\165\065\170\301\154\342}{chapter.4}% 29
\BOOKMARK [2][-]{subsection.4.1.1}{\376\377\165\065\170\301\127\072\154\342\122\250\145\271\172\013\166\204\133\374\121\372}{section.4.1}% 30
\BOOKMARK [2][-]{subsection.4.1.2}{\376\377\145\366\214\020\165\065\170\301\154\342}{section.4.1}% 31
\BOOKMARK [2][-]{subsection.4.1.3}{\376\377\136\163\227\142\165\065\170\301\154\342}{section.4.1}% 32
\BOOKMARK [2][-]{subsection.4.1.4}{\376\377\165\065\170\301\127\072\166\204\200\375\221\317\124\214\200\375\155\101}{section.4.1}% 33
\BOOKMARK [1][-]{section.4.2}{\376\377\165\065\170\301\154\342\127\050\116\313\215\050\165\114\227\142\116\012\166\204\123\315\134\004\124\214\142\230\134\004}{chapter.4}% 34
\BOOKMARK [2][-]{subsection.4.2.1}{\376\377\123\315\134\004\124\214\142\230\134\004\133\232\137\213}{section.4.2}% 35
\BOOKMARK [2][-]{subsection.4.2.2}{\376\377\143\057\136\105\121\163\174\373\116\016\203\362\155\205\134\024\121\154\137\017}{section.4.2}% 36
\BOOKMARK [2][-]{subsection.4.2.3}{\376\377\121\150\123\315\134\004\121\163\174\373}{section.4.2}% 37
\BOOKMARK [1][-]{section.4.3}{\376\377\165\065\170\301\154\342\127\050\133\374\117\123\121\205\166\204\117\040\144\255}{chapter.4}% 38
\BOOKMARK [2][-]{subsection.4.3.1}{\376\377\133\374\117\123\121\205\166\204\201\352\165\061\165\065\203\167\166\204\122\006\136\003}{section.4.3}% 39
\BOOKMARK [2][-]{subsection.4.3.2}{\376\377\133\374\117\123\121\205\166\204\165\065\170\301\154\342}{section.4.3}% 40
\BOOKMARK [2][-]{subsection.4.3.3}{\376\377\215\213\200\244\145\110\136\224\124\214\172\177\220\017\155\361\136\246}{section.4.3}% 41
\BOOKMARK [2][-]{subsection.4.3.4}{\376\377\127\050\133\374\117\123\210\150\227\142\166\204\123\315\134\004}{section.4.3}% 42
\BOOKMARK [1][-]{section.4.4}{\376\377\214\020\143\057\201\124\124\214\154\342\133\374}{chapter.4}% 43
\BOOKMARK [2][-]{subsection.4.4.1}{\376\377\147\011\165\114\172\172\225\364\172\172\225\364\116\055\166\204\165\065\170\301\154\342}{section.4.4}% 44
\BOOKMARK [2][-]{subsection.4.4.2}{\376\377\214\020\143\057\201\124}{section.4.4}% 45
\BOOKMARK [0][-]{chapter.5}{\376\377\165\065\170\301\154\342\166\204\217\220\134\004}{}% 46
\BOOKMARK [1][-]{section.5.1}{\376\377\165\065\170\301\127\072\166\204\167\342\122\277\124\214\150\007\122\277}{chapter.5}% 47
\BOOKMARK [2][-]{subsection.5.1.1}{\376\377\165\050\122\277\143\317\217\360\165\065\170\301\127\072}{section.5.1}% 48
\BOOKMARK [2][-]{subsection.5.1.2}{\376\377\217\276\147\027\215\035\134\024\145\271\172\013}{section.5.1}% 49
\BOOKMARK [1][-]{section.5.2}{\376\377\143\250\217\337\122\277}{chapter.5}% 50
\BOOKMARK [1][-]{section.5.3}{\376\377\121\340\171\315\136\070\211\301\166\204\217\220\134\004\137\142\137\017}{chapter.5}% 51
\BOOKMARK [2][-]{subsection.5.3.1}{\376\377\213\241\173\227\217\220\134\004\127\072\166\204\116\000\202\054\121\154\137\017}{section.5.3}% 52
\BOOKMARK [2][-]{subsection.5.3.2}{\376\377\165\065\120\166\147\201\217\220\134\004}{section.5.3}% 53
