\BOOKMARK [0][-]{chapter.1}{\376\377\154\342\121\375\145\160}{}% 1
\BOOKMARK [1][-]{section.1.1}{\376\377\205\233\133\232\214\024\145\271\172\013}{chapter.1}% 2
\BOOKMARK [1][-]{section.1.2}{\376\377\154\342\121\375\145\160\166\204\176\337\213\241\213\340\221\312}{chapter.1}% 3
\BOOKMARK [1][-]{section.1.3}{\376\377\151\202\163\207}{chapter.1}% 4
\BOOKMARK [1][-]{section.1.4}{\376\377\137\122\116\000\123\026}{chapter.1}% 5
\BOOKMARK [1][-]{section.1.5}{\376\377\122\250\221\317}{chapter.1}% 6
\BOOKMARK [1][-]{section.1.6}{\376\377\116\015\170\156\133\232\123\237\164\006}{chapter.1}% 7
\BOOKMARK [0][-]{chapter.2}{\376\377\133\232\140\001\205\233\133\232\214\024\145\271\172\013}{}% 8
\BOOKMARK [1][-]{section.2.1}{\376\377\133\232\140\001}{chapter.2}% 9
\BOOKMARK [1][-]{section.2.2}{\376\377\116\000\176\364\145\340\226\120\155\361\145\271\122\277\226\061}{chapter.2}% 10
\BOOKMARK [1][-]{section.2.3}{\376\377\214\020\143\057\133\120}{chapter.2}% 11
\BOOKMARK [2][-]{subsection.2.3.1}{\376\377\116\343\145\160\154\325}{section.2.3}% 12
\BOOKMARK [2][-]{subsection.2.3.2}{\376\377\211\343\147\220\154\325}{section.2.3}% 13
\BOOKMARK [1][-]{section.2.4}{\376\377\201\352\165\061\174\222\133\120}{chapter.2}% 14
\BOOKMARK [1][-]{section.2.5}{\376\377\121\375\145\160\122\277}{chapter.2}% 15
\BOOKMARK [2][-]{subsection.2.5.1}{\376\377\147\137\177\032\140\001\124\214\145\143\134\004\140\001}{section.2.5}% 16
\BOOKMARK [2][-]{subsection.2.5.2}{\376\377\121\375\145\160\122\277\226\061}{section.2.5}% 17
\BOOKMARK [2][-]{subsection.2.5.3}{\376\377\147\011\226\120\155\361\145\271\122\277\226\061}{section.2.5}% 18
\BOOKMARK [0][-]{chapter.3}{\376\377\137\142\137\017\164\006\213\272}{}% 19
\BOOKMARK [1][-]{section.3.1}{\376\377\000H\000i\000l\000b\000e\000r\000t\172\172\225\364}{chapter.3}% 20
\BOOKMARK [1][-]{section.3.2}{\376\377\123\357\211\302\155\113\221\317}{chapter.3}% 21
\BOOKMARK [2][-]{subsection.3.2.1}{\376\377\000H\000e\000r\000m\000i\000t\000i\000a\000n\173\227\173\046}{section.3.2}% 22
\BOOKMARK [2][-]{subsection.3.2.2}{\376\377\133\232\120\074\140\001}{section.3.2}% 23
\BOOKMARK [2][-]{subsection.3.2.3}{\376\377\000H\000e\000r\000m\000i\000t\000i\000a\000n\173\227\173\046\166\204\147\054\137\201\121\375\145\160}{section.3.2}% 24
\BOOKMARK [2][-]{subsection.3.2.4}{\376\377\136\177\116\111\176\337\213\241\213\340\221\312}{section.3.2}% 25
\BOOKMARK [0][-]{chapter.4}{\376\377\116\011\176\364\172\172\225\364\116\055\166\204\221\317\133\120\122\233\133\146}{}% 26
\BOOKMARK [0][-]{chapter.5}{\376\377\121\150\124\014\174\222\133\120}{}% 27
\BOOKMARK [0][-]{chapter.6}{\376\377\116\015\124\053\145\366\137\256\142\160\164\006\213\272}{}% 28
\BOOKMARK [1][-]{section.6.1}{\376\377\227\136\173\200\136\166\137\256\142\160\164\006\213\272}{chapter.6}% 29
\BOOKMARK [2][-]{subsection.6.1.1}{\376\377\137\256\142\160\166\204\151\202\137\365\124\214\116\000\202\054\210\150\217\276\137\142\137\017}{section.6.1}% 30
\BOOKMARK [2][-]{subsection.6.1.2}{\376\377\116\000\176\247\217\321\117\074\164\006\213\272}{section.6.1}% 31
\BOOKMARK [0][-]{chapter.7}{\376\377\124\053\145\366\137\256\142\160\164\006\213\272}{}% 32
\BOOKMARK [0][-]{chapter.8}{\376\377\116\140\230\230}{}% 33
\BOOKMARK [1][-]{section.8.1}{\376\377\154\342\121\375\145\160\116\140\230\230}{chapter.8}% 34
